D:\OSAMA\PROGRAMMING\MACHINE LEARNING\C++ ML MODELS\RANDOM FOREST\RANDOM FOREST\X64\DEBUG\VC110.PDB
D:\OSAMA\PROGRAMMING\MACHINE LEARNING\C++ ML MODELS\RANDOM FOREST\RANDOM FOREST\X64\DEBUG\MAIN.OBJ
D:\OSAMA\PROGRAMMING\MACHINE LEARNING\C++ ML MODELS\RANDOM FOREST\X64\DEBUG\RANDOM FOREST.ILK
D:\OSAMA\PROGRAMMING\MACHINE LEARNING\C++ ML MODELS\RANDOM FOREST\X64\DEBUG\RANDOM FOREST.EXE
D:\OSAMA\PROGRAMMING\MACHINE LEARNING\C++ ML MODELS\RANDOM FOREST\X64\DEBUG\RANDOM FOREST.PDB
D:\Osama\Programming\Machine Learning\C++ ML Models\Random Forest\Random Forest\x64\Debug\main.obj
D:\Osama\Programming\Machine Learning\C++ ML Models\Random Forest\Random Forest\x64\Debug\cl.command.1.tlog
D:\Osama\Programming\Machine Learning\C++ ML Models\Random Forest\Random Forest\x64\Debug\CL.read.1.tlog
D:\Osama\Programming\Machine Learning\C++ ML Models\Random Forest\Random Forest\x64\Debug\cl.write.1.tlog
D:\Osama\Programming\Machine Learning\C++ ML Models\Random Forest\Random Forest\x64\Debug\link-cvtres.read.1.tlog
D:\Osama\Programming\Machine Learning\C++ ML Models\Random Forest\Random Forest\x64\Debug\link-cvtres.write.1.tlog
D:\Osama\Programming\Machine Learning\C++ ML Models\Random Forest\Random Forest\x64\Debug\link-rc.read.1.tlog
D:\Osama\Programming\Machine Learning\C++ ML Models\Random Forest\Random Forest\x64\Debug\link-rc.write.1.tlog
D:\Osama\Programming\Machine Learning\C++ ML Models\Random Forest\Random Forest\x64\Debug\link.command.1.tlog
D:\Osama\Programming\Machine Learning\C++ ML Models\Random Forest\Random Forest\x64\Debug\link.read.1.tlog
D:\Osama\Programming\Machine Learning\C++ ML Models\Random Forest\Random Forest\x64\Debug\link.write.1.tlog
D:\Osama\Programming\Machine Learning\C++ ML Models\Random Forest\Random Forest\x64\Debug\vc110.idb
D:\Osama\Programming\Machine Learning\C++ ML Models\Random Forest\Random Forest\x64\Debug\vc110.pdb
D:\Osama\Programming\Machine Learning\C++ ML Models\Random Forest\x64\Debug\Random Forest.pdb
D:\Osama\Programming\Machine Learning\C++ ML Models\Random Forest\x64\Debug\Random Forest.exe
D:\Osama\Programming\Machine Learning\C++ ML Models\Random Forest\x64\Debug\Random Forest.ilk
